Using pre-set license
Built from '2021.3/staging' branch; Version is '2021.3.13f1 (9e7d58001ecf) revision 10386776'; Using compiler version '192829333'; Build Type 'Release'
OS: 'Windows 10  (10.0.19044) 64bit Core' Language: 'ko' Physical Memory: 16075 MB
BatchMode: 1, IsHumanControllingUs: 0, StartBugReporterOnCrash: 0, Is64bit: 1, IsPro: 1

COMMAND LINE ARGUMENTS:
C:\Program Files\Unity\Hub\Editor\2021.3.13f1\Editor\Unity.exe
-adb2
-batchMode
-noUpm
-name
AssetImportWorker2
-projectPath
C:/Unity/Project S
-logFile
Logs/AssetImportWorker2.log
-srvPort
51666
Successfully changed project path to: C:/Unity/Project S
C:/Unity/Project S
[UnityMemory] Configuration Parameters - Can be set up in boot.config
    "memorysetup-bucket-allocator-granularity=16"
    "memorysetup-bucket-allocator-bucket-count=8"
    "memorysetup-bucket-allocator-block-size=33554432"
    "memorysetup-bucket-allocator-block-count=8"
    "memorysetup-main-allocator-block-size=16777216"
    "memorysetup-thread-allocator-block-size=16777216"
    "memorysetup-gfx-main-allocator-block-size=16777216"
    "memorysetup-gfx-thread-allocator-block-size=16777216"
    "memorysetup-cache-allocator-block-size=4194304"
    "memorysetup-typetree-allocator-block-size=2097152"
    "memorysetup-profiler-bucket-allocator-granularity=16"
    "memorysetup-profiler-bucket-allocator-bucket-count=8"
    "memorysetup-profiler-bucket-allocator-block-size=33554432"
    "memorysetup-profiler-bucket-allocator-block-count=8"
    "memorysetup-profiler-allocator-block-size=16777216"
    "memorysetup-profiler-editor-allocator-block-size=1048576"
    "memorysetup-temp-allocator-size-main=16777216"
    "memorysetup-job-temp-allocator-block-size=2097152"
    "memorysetup-job-temp-allocator-block-size-background=1048576"
    "memorysetup-job-temp-allocator-reduction-small-platforms=262144"
    "memorysetup-temp-allocator-size-background-worker=32768"
    "memorysetup-temp-allocator-size-job-worker=262144"
    "memorysetup-temp-allocator-size-preload-manager=33554432"
    "memorysetup-temp-allocator-size-nav-mesh-worker=65536"
    "memorysetup-temp-allocator-size-audio-worker=65536"
    "memorysetup-temp-allocator-size-cloud-worker=32768"
    "memorysetup-temp-allocator-size-gi-baking-worker=262144"
    "memorysetup-temp-allocator-size-gfx=262144"
Refreshing native plugins compatible for Editor in 241.09 ms, found 4 plugins.
Preloading 0 native plugins for Editor in 0.00 ms.
Initialize engine version: 2021.3.13f1 (9e7d58001ecf)
[Subsystems] Discovering subsystems at path C:/Program Files/Unity/Hub/Editor/2021.3.13f1/Editor/Data/Resources/UnitySubsystems
[Subsystems] Discovering subsystems at path C:/Unity/Project S/Assets
GfxDevice: creating device client; threaded=0; jobified=0
Direct3D:
    Version:  Direct3D 11.0 [level 11.1]
    Renderer: Intel(R) Iris(R) Xe Graphics (ID=0x9a49)
    Vendor:   Intel
    VRAM:     8037 MB
    Driver:   30.0.101.1404
Initialize mono
Mono path[0] = 'C:/Program Files/Unity/Hub/Editor/2021.3.13f1/Editor/Data/Managed'
Mono path[1] = 'C:/Program Files/Unity/Hub/Editor/2021.3.13f1/Editor/Data/MonoBleedingEdge/lib/mono/unityjit-win32'
Mono config path = 'C:/Program Files/Unity/Hub/Editor/2021.3.13f1/Editor/Data/MonoBleedingEdge/etc'
Using monoOptions --debugger-agent=transport=dt_socket,embedding=1,server=y,suspend=n,address=127.0.0.1:56048
Begin MonoManager ReloadAssembly
Registering precompiled unity dll's ...
Register platform support module: C:/Program Files/Unity/Hub/Editor/2021.3.13f1/Editor/Data/PlaybackEngines/WindowsStandaloneSupport/UnityEditor.WindowsStandalone.Extensions.dll
Registered in 0.028145 seconds.
Native extension for WindowsStandalone target not found
Refreshing native plugins compatible for Editor in 238.70 ms, found 4 plugins.
Preloading 0 native plugins for Editor in 0.00 ms.
Mono: successfully reloaded assembly
- Completed reload, in  1.497 seconds
Domain Reload Profiling:
	ReloadAssembly (1498ms)
		BeginReloadAssembly (207ms)
			ExecutionOrderSort (0ms)
			DisableScriptedObjects (0ms)
			BackupInstance (0ms)
			ReleaseScriptingObjects (0ms)
			CreateAndSetChildDomain (1ms)
		EndReloadAssembly (997ms)
			LoadAssemblies (200ms)
			RebuildTransferFunctionScriptingTraits (0ms)
			SetupTypeCache (185ms)
			ReleaseScriptCaches (0ms)
			RebuildScriptCaches (66ms)
			SetupLoadedEditorAssemblies (620ms)
				LogAssemblyErrors (0ms)
				InitializePlatformSupportModulesInManaged (24ms)
				SetLoadedEditorAssemblies (0ms)
				RefreshPlugins (239ms)
				BeforeProcessingInitializeOnLoad (2ms)
				ProcessInitializeOnLoadAttributes (266ms)
				ProcessInitializeOnLoadMethodAttributes (89ms)
				AfterProcessingInitializeOnLoad (0ms)
				EditorAssembliesLoaded (0ms)
			ExecutionOrderSort2 (0ms)
			AwakeInstancesAfterBackupRestoration (0ms)
Platform modules already initialized, skipping
Registering precompiled user dll's ...
Registered in 0.016537 seconds.
Begin MonoManager ReloadAssembly
Symbol file LoadedFromMemory doesn't match image C:\Unity\Project S\Library\PackageCache\com.unity.visualscripting@1.7.8\Editor\VisualScripting.Core\Dependencies\YamlDotNet\Unity.VisualScripting.YamlDotNet.dll
Symbol file LoadedFromMemory doesn't match image C:\Unity\Project S\Library\PackageCache\com.unity.visualscripting@1.7.8\Editor\VisualScripting.Core\Dependencies\DotNetZip\Unity.VisualScripting.IonicZip.dll
Native extension for WindowsStandalone target not found
Refreshing native plugins compatible for Editor in 212.08 ms, found 4 plugins.
Preloading 0 native plugins for Editor in 0.00 ms.
Mono: successfully reloaded assembly
- Completed reload, in  2.584 seconds
Domain Reload Profiling:
	ReloadAssembly (2585ms)
		BeginReloadAssembly (196ms)
			ExecutionOrderSort (0ms)
			DisableScriptedObjects (8ms)
			BackupInstance (0ms)
			ReleaseScriptingObjects (0ms)
			CreateAndSetChildDomain (27ms)
		EndReloadAssembly (2106ms)
			LoadAssemblies (213ms)
			RebuildTransferFunctionScriptingTraits (0ms)
			SetupTypeCache (474ms)
			ReleaseScriptCaches (1ms)
			RebuildScriptCaches (167ms)
			SetupLoadedEditorAssemblies (1157ms)
				LogAssemblyErrors (0ms)
				InitializePlatformSupportModulesInManaged (6ms)
				SetLoadedEditorAssemblies (0ms)
				RefreshPlugins (212ms)
				BeforeProcessingInitializeOnLoad (262ms)
				ProcessInitializeOnLoadAttributes (449ms)
				ProcessInitializeOnLoadMethodAttributes (207ms)
				AfterProcessingInitializeOnLoad (21ms)
				EditorAssembliesLoaded (0ms)
			ExecutionOrderSort2 (0ms)
			AwakeInstancesAfterBackupRestoration (21ms)
Platform modules already initialized, skipping
========================================================================
Worker process is ready to serve import requests
Launched and connected shader compiler UnityShaderCompiler.exe after 0.08 seconds
Refreshing native plugins compatible for Editor in 1.39 ms, found 4 plugins.
Preloading 0 native plugins for Editor in 0.00 ms.
Unloading 5516 Unused Serialized files (Serialized files now loaded: 0)
Unloading 58 unused Assets / (1.2 MB). Loaded Objects now: 5952.
Memory consumption went from 219.2 MB to 217.9 MB.
Total: 5.159600 ms (FindLiveObjects: 0.412300 ms CreateObjectMapping: 0.255300 ms MarkObjects: 3.694800 ms  DeleteObjects: 0.795400 ms)

AssetImportParameters requested are different than current active one (requested -> active):
  custom:video-decoder-ogg-theora: a1e56fd34408186e4bbccfd4996cb3dc -> 
  custom:container-muxer-webm: aa71ff27fc2769a1b78a27578f13a17b -> 
  custom:container-demuxer-webm: 4f35f7cbe854078d1ac9338744f61a02 -> 
  custom:video-encoder-webm-vp8: eb34c28f22e8b96e1ab97ce403110664 -> 
  custom:audio-encoder-webm-vorbis: bf7c407c2cedff20999df2af8eb42d56 -> 
  custom:framework-win-MediaFoundation: 216162199b28c13a410421893ffa2e32 -> 
  custom:container-demuxer-ogg: 62fdf1f143b41e24485cea50d1cbac27 -> 
  custom:video-decoder-webm-vp8: 9c59270c3fd7afecdb556c50c9e8de78 -> 
  custom:audio-decoder-ogg-vorbis: bf7c407c2cedff20999df2af8eb42d56 -> 
========================================================================
Received Import Request.
  Time since last request: 198714.971309 seconds.
  path: Assets/LaserBullet 2.prefab
  artifactKey: Guid(690d1344eb58de6469411b1ec8974f58) Importer(815301076,1909f56bfc062723c751e8b465ee728b)
Start importing Assets/LaserBullet 2.prefab using Guid(690d1344eb58de6469411b1ec8974f58) Importer(815301076,1909f56bfc062723c751e8b465ee728b)  -> (artifact id: 'ab44090a6a45ab55d36f151e68980e1d') in 0.526170 seconds 
========================================================================
Received Import Request.
  Time since last request: 0.000034 seconds.
  path: Assets/LaserBullet 9.prefab
  artifactKey: Guid(12dde0b61b140e34394e07f2b21732b0) Importer(815301076,1909f56bfc062723c751e8b465ee728b)
Start importing Assets/LaserBullet 9.prefab using Guid(12dde0b61b140e34394e07f2b21732b0) Importer(815301076,1909f56bfc062723c751e8b465ee728b)  -> (artifact id: 'deae33677ee3654215ae9c75c1210c2b') in 0.028580 seconds 
========================================================================
Received Import Request.
  Time since last request: 0.000050 seconds.
  path: Assets/LaserBullet 27.prefab
  artifactKey: Guid(a48eeb36ef3d03a46bb3188f23e8046a) Importer(815301076,1909f56bfc062723c751e8b465ee728b)
Start importing Assets/LaserBullet 27.prefab using Guid(a48eeb36ef3d03a46bb3188f23e8046a) Importer(815301076,1909f56bfc062723c751e8b465ee728b)  -> (artifact id: '814f26d7e5fe3c1955b3cf9a279960ca') in 0.027452 seconds 
========================================================================
Received Import Request.
  Time since last request: 0.000033 seconds.
  path: Assets/LaserBullet 7.prefab
  artifactKey: Guid(d4362d50d3509c44cba1cf5d9117fd6f) Importer(815301076,1909f56bfc062723c751e8b465ee728b)
Start importing Assets/LaserBullet 7.prefab using Guid(d4362d50d3509c44cba1cf5d9117fd6f) Importer(815301076,1909f56bfc062723c751e8b465ee728b)  -> (artifact id: 'd4a9992938e117275b0736b9fda471f9') in 0.027996 seconds 
========================================================================
Received Import Request.
  Time since last request: 0.000036 seconds.
  path: Assets/LaserBullet 21.prefab
  artifactKey: Guid(f94168ded666f524db2498e1d9459878) Importer(815301076,1909f56bfc062723c751e8b465ee728b)
Start importing Assets/LaserBullet 21.prefab using Guid(f94168ded666f524db2498e1d9459878) Importer(815301076,1909f56bfc062723c751e8b465ee728b)  -> (artifact id: '47a87304c6124ac886af7952127b2b47') in 0.029881 seconds 
========================================================================
Received Import Request.
  Time since last request: 0.000043 seconds.
  path: Assets/LaserBullet 26.prefab
  artifactKey: Guid(0089a7c6680344a458cfca58d7c8abee) Importer(815301076,1909f56bfc062723c751e8b465ee728b)
Start importing Assets/LaserBullet 26.prefab using Guid(0089a7c6680344a458cfca58d7c8abee) Importer(815301076,1909f56bfc062723c751e8b465ee728b)  -> (artifact id: '99b1a31941079e5e4c8f97729a62624d') in 0.024681 seconds 
========================================================================
Received Import Request.
  Time since last request: 0.000036 seconds.
  path: Assets/LaserBullet 4.prefab
  artifactKey: Guid(af59203f0f23f9e4a8d4bfdcbfae34f3) Importer(815301076,1909f56bfc062723c751e8b465ee728b)
Start importing Assets/LaserBullet 4.prefab using Guid(af59203f0f23f9e4a8d4bfdcbfae34f3) Importer(815301076,1909f56bfc062723c751e8b465ee728b)  -> (artifact id: '586d6f83670553afe0a87ce5bcc73b83') in 0.025512 seconds 
========================================================================
Received Import Request.
  Time since last request: 0.000036 seconds.
  path: Assets/LaserBullet 19.prefab
  artifactKey: Guid(77b60a56787620e4094410305341179b) Importer(815301076,1909f56bfc062723c751e8b465ee728b)
Start importing Assets/LaserBullet 19.prefab using Guid(77b60a56787620e4094410305341179b) Importer(815301076,1909f56bfc062723c751e8b465ee728b)  -> (artifact id: '0c62a0d6edf56288cbfcb5020ad505e4') in 0.022873 seconds 
========================================================================
Received Import Request.
  Time since last request: 0.000045 seconds.
  path: Assets/LaserBullet 17.prefab
  artifactKey: Guid(ccc1a938652077942a3c4f907f4be824) Importer(815301076,1909f56bfc062723c751e8b465ee728b)
Start importing Assets/LaserBullet 17.prefab using Guid(ccc1a938652077942a3c4f907f4be824) Importer(815301076,1909f56bfc062723c751e8b465ee728b)  -> (artifact id: '9ff119458471e43836d8d834f63b5da3') in 0.022639 seconds 
========================================================================
Received Import Request.
  Time since last request: 0.000041 seconds.
  path: Assets/LaserBullet 15.prefab
  artifactKey: Guid(f9548d943cc3d68478c41eae4bc56454) Importer(815301076,1909f56bfc062723c751e8b465ee728b)
Start importing Assets/LaserBullet 15.prefab using Guid(f9548d943cc3d68478c41eae4bc56454) Importer(815301076,1909f56bfc062723c751e8b465ee728b)  -> (artifact id: 'bb792f2e65770db8038ffe16ab065fed') in 0.026599 seconds 
========================================================================
Received Import Request.
  Time since last request: 0.000037 seconds.
  path: Assets/LaserBullet 14.prefab
  artifactKey: Guid(4fb1ea23d55d60c4bb2443da599972c8) Importer(815301076,1909f56bfc062723c751e8b465ee728b)
Start importing Assets/LaserBullet 14.prefab using Guid(4fb1ea23d55d60c4bb2443da599972c8) Importer(815301076,1909f56bfc062723c751e8b465ee728b)  -> (artifact id: 'bbc80f92f4b97b002c2f1625a7d183b2') in 0.024907 seconds 
========================================================================
Received Import Request.
  Time since last request: 0.000037 seconds.
  path: Assets/LaserBullet 24.prefab
  artifactKey: Guid(d69783811e7b90d4fa32ebecfbbf4a0f) Importer(815301076,1909f56bfc062723c751e8b465ee728b)
Start importing Assets/LaserBullet 24.prefab using Guid(d69783811e7b90d4fa32ebecfbbf4a0f) Importer(815301076,1909f56bfc062723c751e8b465ee728b)  -> (artifact id: '2216592ac8f004f5cf5d563ba3179e1f') in 0.021908 seconds 
========================================================================
Received Import Request.
  Time since last request: 0.000038 seconds.
  path: Assets/LaserBullet 11.prefab
  artifactKey: Guid(ad1bc6295fc96da41a23d44e8538dae8) Importer(815301076,1909f56bfc062723c751e8b465ee728b)
Start importing Assets/LaserBullet 11.prefab using Guid(ad1bc6295fc96da41a23d44e8538dae8) Importer(815301076,1909f56bfc062723c751e8b465ee728b)  -> (artifact id: '5be6b39a42e69662a109fbb9bb655af0') in 0.023553 seconds 
========================================================================
Received Import Request.
  Time since last request: 0.000057 seconds.
  path: Assets/LaserBullet 10.prefab
  artifactKey: Guid(21147e44ffe286240a823ab287683400) Importer(815301076,1909f56bfc062723c751e8b465ee728b)
Start importing Assets/LaserBullet 10.prefab using Guid(21147e44ffe286240a823ab287683400) Importer(815301076,1909f56bfc062723c751e8b465ee728b)  -> (artifact id: 'f7ca31666d2cac1403dde2eb2b6873e2') in 0.021365 seconds 
========================================================================
Received Import Request.
  Time since last request: 13.039567 seconds.
  path: Assets/LaserBulletSet.prefab
  artifactKey: Guid(b9f97c4cbd79a2c41856f7c9652c9bf2) Importer(815301076,1909f56bfc062723c751e8b465ee728b)
Start importing Assets/LaserBulletSet.prefab using Guid(b9f97c4cbd79a2c41856f7c9652c9bf2) Importer(815301076,1909f56bfc062723c751e8b465ee728b)  -> (artifact id: 'c3bef9d8acfaaa4fd63d958665df29cb') in 0.029032 seconds 
========================================================================
Received Prepare
Registering precompiled user dll's ...
Registered in 0.015693 seconds.
Begin MonoManager ReloadAssembly
Symbol file LoadedFromMemory doesn't match image C:\Unity\Project S\Library\PackageCache\com.unity.visualscripting@1.7.8\Editor\VisualScripting.Core\Dependencies\YamlDotNet\Unity.VisualScripting.YamlDotNet.dll
Symbol file LoadedFromMemory doesn't match image C:\Unity\Project S\Library\PackageCache\com.unity.visualscripting@1.7.8\Editor\VisualScripting.Core\Dependencies\DotNetZip\Unity.VisualScripting.IonicZip.dll
Native extension for WindowsStandalone target not found
Refreshing native plugins compatible for Editor in 1.68 ms, found 4 plugins.
Preloading 0 native plugins for Editor in 0.00 ms.
Mono: successfully reloaded assembly
- Completed reload, in  2.253 seconds
Domain Reload Profiling:
	ReloadAssembly (2254ms)
		BeginReloadAssembly (358ms)
			ExecutionOrderSort (0ms)
			DisableScriptedObjects (19ms)
			BackupInstance (0ms)
			ReleaseScriptingObjects (0ms)
			CreateAndSetChildDomain (80ms)
		EndReloadAssembly (1727ms)
			LoadAssemblies (257ms)
			RebuildTransferFunctionScriptingTraits (0ms)
			SetupTypeCache (534ms)
			ReleaseScriptCaches (6ms)
			RebuildScriptCaches (134ms)
			SetupLoadedEditorAssemblies (669ms)
				LogAssemblyErrors (0ms)
				InitializePlatformSupportModulesInManaged (24ms)
				SetLoadedEditorAssemblies (1ms)
				RefreshPlugins (2ms)
				BeforeProcessingInitializeOnLoad (146ms)
				ProcessInitializeOnLoadAttributes (324ms)
				ProcessInitializeOnLoadMethodAttributes (137ms)
				AfterProcessingInitializeOnLoad (35ms)
				EditorAssembliesLoaded (1ms)
			ExecutionOrderSort2 (0ms)
			AwakeInstancesAfterBackupRestoration (54ms)
Platform modules already initialized, skipping
Refreshing native plugins compatible for Editor in 3.47 ms, found 4 plugins.
Preloading 0 native plugins for Editor in 0.00 ms.
Unloading 5406 Unused Serialized files (Serialized files now loaded: 0)
Unloading 45 unused Assets / (1.2 MB). Loaded Objects now: 6007.
Memory consumption went from 218.7 MB to 217.5 MB.
Total: 4.408600 ms (FindLiveObjects: 0.357100 ms CreateObjectMapping: 0.223800 ms MarkObjects: 3.355000 ms  DeleteObjects: 0.471700 ms)

AssetImportParameters requested are different than current active one (requested -> active):
  custom:video-decoder-ogg-theora: a1e56fd34408186e4bbccfd4996cb3dc -> 
  custom:container-muxer-webm: aa71ff27fc2769a1b78a27578f13a17b -> 
  custom:container-demuxer-webm: 4f35f7cbe854078d1ac9338744f61a02 -> 
  custom:video-encoder-webm-vp8: eb34c28f22e8b96e1ab97ce403110664 -> 
  custom:audio-encoder-webm-vorbis: bf7c407c2cedff20999df2af8eb42d56 -> 
  custom:framework-win-MediaFoundation: 216162199b28c13a410421893ffa2e32 -> 
  custom:container-demuxer-ogg: 62fdf1f143b41e24485cea50d1cbac27 -> 
  custom:video-decoder-webm-vp8: 9c59270c3fd7afecdb556c50c9e8de78 -> 
  custom:audio-decoder-ogg-vorbis: bf7c407c2cedff20999df2af8eb42d56 -> 
========================================================================
Received Prepare
Registering precompiled user dll's ...
Registered in 0.011690 seconds.
Begin MonoManager ReloadAssembly
Symbol file LoadedFromMemory doesn't match image C:\Unity\Project S\Library\PackageCache\com.unity.visualscripting@1.7.8\Editor\VisualScripting.Core\Dependencies\YamlDotNet\Unity.VisualScripting.YamlDotNet.dll
Symbol file LoadedFromMemory doesn't match image C:\Unity\Project S\Library\PackageCache\com.unity.visualscripting@1.7.8\Editor\VisualScripting.Core\Dependencies\DotNetZip\Unity.VisualScripting.IonicZip.dll
Native extension for WindowsStandalone target not found
Refreshing native plugins compatible for Editor in 1.68 ms, found 4 plugins.
Preloading 0 native plugins for Editor in 0.00 ms.
Mono: successfully reloaded assembly
- Completed reload, in  2.045 seconds
Domain Reload Profiling:
	ReloadAssembly (2047ms)
		BeginReloadAssembly (295ms)
			ExecutionOrderSort (0ms)
			DisableScriptedObjects (21ms)
			BackupInstance (0ms)
			ReleaseScriptingObjects (0ms)
			CreateAndSetChildDomain (78ms)
		EndReloadAssembly (1540ms)
			LoadAssemblies (220ms)
			RebuildTransferFunctionScriptingTraits (0ms)
			SetupTypeCache (540ms)
			ReleaseScriptCaches (3ms)
			RebuildScriptCaches (73ms)
			SetupLoadedEditorAssemblies (612ms)
				LogAssemblyErrors (0ms)
				InitializePlatformSupportModulesInManaged (20ms)
				SetLoadedEditorAssemblies (1ms)
				RefreshPlugins (2ms)
				BeforeProcessingInitializeOnLoad (145ms)
				ProcessInitializeOnLoadAttributes (304ms)
				ProcessInitializeOnLoadMethodAttributes (125ms)
				AfterProcessingInitializeOnLoad (16ms)
				EditorAssembliesLoaded (0ms)
			ExecutionOrderSort2 (0ms)
			AwakeInstancesAfterBackupRestoration (26ms)
Platform modules already initialized, skipping
Refreshing native plugins compatible for Editor in 5.97 ms, found 4 plugins.
Preloading 0 native plugins for Editor in 0.00 ms.
Unloading 5407 Unused Serialized files (Serialized files now loaded: 0)
Unloading 45 unused Assets / (1.2 MB). Loaded Objects now: 6010.
Memory consumption went from 218.8 MB to 217.5 MB.
Total: 5.365600 ms (FindLiveObjects: 0.391700 ms CreateObjectMapping: 0.293800 ms MarkObjects: 4.103400 ms  DeleteObjects: 0.575200 ms)

AssetImportParameters requested are different than current active one (requested -> active):
  custom:video-decoder-ogg-theora: a1e56fd34408186e4bbccfd4996cb3dc -> 
  custom:container-muxer-webm: aa71ff27fc2769a1b78a27578f13a17b -> 
  custom:container-demuxer-webm: 4f35f7cbe854078d1ac9338744f61a02 -> 
  custom:video-encoder-webm-vp8: eb34c28f22e8b96e1ab97ce403110664 -> 
  custom:audio-encoder-webm-vorbis: bf7c407c2cedff20999df2af8eb42d56 -> 
  custom:framework-win-MediaFoundation: 216162199b28c13a410421893ffa2e32 -> 
  custom:container-demuxer-ogg: 62fdf1f143b41e24485cea50d1cbac27 -> 
  custom:video-decoder-webm-vp8: 9c59270c3fd7afecdb556c50c9e8de78 -> 
  custom:audio-decoder-ogg-vorbis: bf7c407c2cedff20999df2af8eb42d56 -> 
